<?xml version="1.0" encoding="UTF-8"?>
<testsuite name="graphs.elements.WeightedEdgeTest" tests="3" skipped="0" failures="0" errors="0" timestamp="2015-02-07T06:01:03" hostname="Alibaba" time="0.145">
  <properties/>
  <testcase name="Constructor" classname="graphs.elements.WeightedEdgeTest" time="0.002"/>
  <testcase name="compareTo" classname="graphs.elements.WeightedEdgeTest" time="0.001"/>
  <testcase name="equals" classname="graphs.elements.WeightedEdgeTest" time="0.002"/>
  <system-out><![CDATA[]]></system-out>
  <system-err><![CDATA[]]></system-err>
</testsuite>
