<?xml version="1.0" encoding="UTF-8"?>
<testsuite name="events.EventTest" tests="5" skipped="0" failures="0" errors="0" timestamp="2015-02-07T06:01:03" hostname="Alibaba" time="0.14">
  <properties/>
  <testcase name="Constructor" classname="events.EventTest" time="0.002"/>
  <testcase name="compareTo" classname="events.EventTest" time="0.003"/>
  <testcase name="equals" classname="events.EventTest" time="0.003"/>
  <testcase name="getTime" classname="events.EventTest" time="0.001"/>
  <testcase name="setTime" classname="events.EventTest" time="0.0"/>
  <system-out><![CDATA[]]></system-out>
  <system-err><![CDATA[]]></system-err>
</testsuite>
