<?xml version="1.0" encoding="UTF-8"?>
<testsuite name="graphs.events.CommitEventsTest" tests="5" skipped="0" failures="0" errors="0" timestamp="2015-01-10T11:23:32" hostname="Alibaba" time="0.147">
  <properties/>
  <testcase name="getInstance" classname="graphs.events.CommitEventsTest" time="0.007"/>
  <testcase name="addCommitEvent" classname="graphs.events.CommitEventsTest" time="0.087"/>
  <testcase name="setIndexedPropertyNames" classname="graphs.events.CommitEventsTest" time="0.001"/>
  <testcase name="setIndexedPropertyNamesNull" classname="graphs.events.CommitEventsTest" time="0.0"/>
  <testcase name="getPropertyMap" classname="graphs.events.CommitEventsTest" time="0.002"/>
  <system-out><![CDATA[22:23:32.209 [Test worker] DEBUG graphs.events.CommitEventsTest - >> getInstance()
22:23:32.231 [Test worker] DEBUG graphs.events.CommitEventsTest - >> addCommitEvent()
22:23:32.321 [Test worker] DEBUG graphs.events.CommitEventsTest - >> setIndexedPropertyNames()
22:23:32.323 [Test worker] DEBUG graphs.events.CommitEventsTest - >> setIndexedPropertyNamesNull()
22:23:32.355 [Test worker] DEBUG graphs.events.CommitEventsTest - >> getPropertyMap()
Commit Maps: [repoID, authorID, committerID]
]]></system-out>
  <system-err><![CDATA[]]></system-err>
</testsuite>
